Build started 10/6/2013 9:02:26 PM.
     1>Project "D:\Documents\_Documents\Coding\3. College\Computing I\Program 2\Program2a\Program2a\Program2a.vcxproj" on node 2 (Build target(s)).
     1>ClCompile:
         C:\Program Files (x86)\Microsoft Visual Studio 11.0\VC\bin\CL.exe /c /ZI /nologo /W3 /WX- /Od /Oy- /D WIN32 /D _DEBUG /D _CONSOLE /D _UNICODE /D UNICODE /Gm /EHsc /RTC1 /MDd /GS /fp:precise /Zc:wchar_t /Zc:forScope /Fo"Debug\\" /Fd"Debug\vc110.pdb" /Gd /TC /analyze- /errorReport:prompt program2b.c
         program2b.c
     1>d:\documents\_documents\coding\3. college\computing i\program 2\program2a\program2a\program2b.c(32): warning C4996: 'scanf': This function or variable may be unsafe. Consider using scanf_s instead. To disable deprecation, use _CRT_SECURE_NO_WARNINGS. See online help for details.
                 c:\program files (x86)\microsoft visual studio 11.0\vc\include\stdio.h(290) : see declaration of 'scanf'
     1>d:\documents\_documents\coding\3. college\computing i\program 2\program2a\program2a\program2b.c(36): warning C4996: 'scanf': This function or variable may be unsafe. Consider using scanf_s instead. To disable deprecation, use _CRT_SECURE_NO_WARNINGS. See online help for details.
                 c:\program files (x86)\microsoft visual studio 11.0\vc\include\stdio.h(290) : see declaration of 'scanf'
     1>d:\documents\_documents\coding\3. college\computing i\program 2\program2a\program2a\program2b.c(61): warning C4996: 'scanf': This function or variable may be unsafe. Consider using scanf_s instead. To disable deprecation, use _CRT_SECURE_NO_WARNINGS. See online help for details.
                 c:\program files (x86)\microsoft visual studio 11.0\vc\include\stdio.h(290) : see declaration of 'scanf'
     1>d:\documents\_documents\coding\3. college\computing i\program 2\program2a\program2a\program2b.c(77): warning C4996: 'scanf': This function or variable may be unsafe. Consider using scanf_s instead. To disable deprecation, use _CRT_SECURE_NO_WARNINGS. See online help for details.
                 c:\program files (x86)\microsoft visual studio 11.0\vc\include\stdio.h(290) : see declaration of 'scanf'
     1>d:\documents\_documents\coding\3. college\computing i\program 2\program2a\program2a\program2b.c(82): warning C4996: 'scanf': This function or variable may be unsafe. Consider using scanf_s instead. To disable deprecation, use _CRT_SECURE_NO_WARNINGS. See online help for details.
                 c:\program files (x86)\microsoft visual studio 11.0\vc\include\stdio.h(290) : see declaration of 'scanf'
       Link:
         C:\Program Files (x86)\Microsoft Visual Studio 11.0\VC\bin\link.exe /ERRORREPORT:PROMPT /OUT:"D:\Documents\_Documents\Coding\3. College\Computing I\Program 2\Program2a\Debug\Program2a.exe" /INCREMENTAL /NOLOGO kernel32.lib user32.lib gdi32.lib winspool.lib comdlg32.lib advapi32.lib shell32.lib ole32.lib oleaut32.lib uuid.lib odbc32.lib odbccp32.lib /MANIFEST /MANIFESTUAC:"level='asInvoker' uiAccess='false'" /manifest:embed /DEBUG /PDB:"D:\Documents\_Documents\Coding\3. College\Computing I\Program 2\Program2a\Debug\Program2a.pdb" /SUBSYSTEM:CONSOLE /TLBID:1 /DYNAMICBASE /NXCOMPAT /IMPLIB:"D:\Documents\_Documents\Coding\3. College\Computing I\Program 2\Program2a\Debug\Program2a.lib" /MACHINE:X86 Debug\program2b.obj
         Program2a.vcxproj -> D:\Documents\_Documents\Coding\3. College\Computing I\Program 2\Program2a\Debug\Program2a.exe
     1>Done Building Project "D:\Documents\_Documents\Coding\3. College\Computing I\Program 2\Program2a\Program2a\Program2a.vcxproj" (Build target(s)).

Build succeeded.

Time Elapsed 00:00:00.25
