Build started 11/5/2013 12:12:05 AM.
     1>Project "D:\Documents\_Documents\Coding\3. College\Computing I\Program 4\program4c3\program4c3\program4c3.vcxproj" on node 2 (Build target(s)).
     1>ClCompile:
         C:\Program Files (x86)\Microsoft Visual Studio 11.0\VC\bin\CL.exe /c /ZI /nologo /W3 /WX- /Od /Oy- /D WIN32 /D _DEBUG /D _CONSOLE /D _UNICODE /D UNICODE /Gm /EHsc /RTC1 /MDd /GS /fp:precise /Zc:wchar_t /Zc:forScope /Fo"Debug\\" /Fd"Debug\vc110.pdb" /Gd /TC /analyze- /errorReport:prompt main.c
         main.c
     1>d:\documents\_documents\coding\3. college\computing i\program 4\program4c3\program4c3\main.c(63): warning C4996: 'scanf': This function or variable may be unsafe. Consider using scanf_s instead. To disable deprecation, use _CRT_SECURE_NO_WARNINGS. See online help for details.
                 c:\program files (x86)\microsoft visual studio 11.0\vc\include\stdio.h(290) : see declaration of 'scanf'
     1>d:\documents\_documents\coding\3. college\computing i\program 4\program4c3\program4c3\main.c(103): warning C4996: 'scanf': This function or variable may be unsafe. Consider using scanf_s instead. To disable deprecation, use _CRT_SECURE_NO_WARNINGS. See online help for details.
                 c:\program files (x86)\microsoft visual studio 11.0\vc\include\stdio.h(290) : see declaration of 'scanf'
     1>d:\documents\_documents\coding\3. college\computing i\program 4\program4c3\program4c3\main.c(130): warning C4996: 'scanf': This function or variable may be unsafe. Consider using scanf_s instead. To disable deprecation, use _CRT_SECURE_NO_WARNINGS. See online help for details.
                 c:\program files (x86)\microsoft visual studio 11.0\vc\include\stdio.h(290) : see declaration of 'scanf'
     1>d:\documents\_documents\coding\3. college\computing i\program 4\program4c3\program4c3\main.c(173): warning C4996: 'scanf': This function or variable may be unsafe. Consider using scanf_s instead. To disable deprecation, use _CRT_SECURE_NO_WARNINGS. See online help for details.
                 c:\program files (x86)\microsoft visual studio 11.0\vc\include\stdio.h(290) : see declaration of 'scanf'
     1>d:\documents\_documents\coding\3. college\computing i\program 4\program4c3\program4c3\main.c(182): warning C4244: '=' : conversion from 'const double' to 'int', possible loss of data
       Link:
         C:\Program Files (x86)\Microsoft Visual Studio 11.0\VC\bin\link.exe /ERRORREPORT:PROMPT /OUT:"D:\Documents\_Documents\Coding\3. College\Computing I\Program 4\program4c3\Debug\program4c3.exe" /INCREMENTAL /NOLOGO kernel32.lib user32.lib gdi32.lib winspool.lib comdlg32.lib advapi32.lib shell32.lib ole32.lib oleaut32.lib uuid.lib odbc32.lib odbccp32.lib /MANIFEST /MANIFESTUAC:"level='asInvoker' uiAccess='false'" /manifest:embed /DEBUG /PDB:"D:\Documents\_Documents\Coding\3. College\Computing I\Program 4\program4c3\Debug\program4c3.pdb" /SUBSYSTEM:CONSOLE /TLBID:1 /DYNAMICBASE /NXCOMPAT /IMPLIB:"D:\Documents\_Documents\Coding\3. College\Computing I\Program 4\program4c3\Debug\program4c3.lib" /MACHINE:X86 Debug\main.obj
         program4c3.vcxproj -> D:\Documents\_Documents\Coding\3. College\Computing I\Program 4\program4c3\Debug\program4c3.exe
     1>Done Building Project "D:\Documents\_Documents\Coding\3. College\Computing I\Program 4\program4c3\program4c3\program4c3.vcxproj" (Build target(s)).

Build succeeded.

Time Elapsed 00:00:00.28
